device=mps
torch=2.11.0
has_compile=True
load_time_s=23.83
warmup_device=mps
prompt_plus_warm_tokens=4
cache_after_warmup={'hits': 51, 'hot_hits': 0, 'warm_hits': 51, 'cold_misses': 117, 'misses': 117, 'lookups': 168, 'hit_rate': 0.30357142857142855, 'hot_evictions': 148, 'evictions': 148, 'disk_loads': 117, 'disk_load_s': 21.746081999994203, 'avg_disk_load_ms': 185.86394871789918, 'hot_cache_entries': 20, 'hot_cache_mb': 7770.000114440918, 'warm_cache_entries': 64, 'warm_cache_mb': 2486.4005126953125, 'prefetches_issued': 0, 'prefetch_hits': 0, 'prefetch_wastes': 0, 'prefetch_accuracy': 0.0, 'et_routing_enabled': False, 'avg_experts_per_token': 0.0, 'total_tokens_routed': 0, 'expert_count_histogram': {}}
captured_mlp_input_shape=(1, 1, 3584)
captured_mlp_input_dtype=torch.float16
captured_mlp_input_device=mps:0
hot_expert_layer=27
hot_expert_idx=6
expert_weight_device=mps:0
expert_weight_dtype=torch.float16
hidden_dtype=torch.float16
hidden_device=mps:0
expert_math_eager_ms=0.759
fused_module_eager_ms=0.784
expert_math_compile_ms=0.747
fused_module_compile_ms=0.689
fused_module_jit_trace_ms=0.682
paged_mlp_eager_ms=26.933
paged_mlp_compile_ms=12.539
paged_mlp_compile_result=fixed_input_only
baseline_reference_token_3_to_5_avg_s=0.80
